<?xml version="1.0" encoding="UTF-8"?>
<!-- Generated by org.testng.reporters.JUnitReportReporter -->
<testsuite hostname="Ramakrishna-PC" failures="0" tests="7" name="test.day3" time="0.035" errors="0" timestamp="2024-09-13T12:21:35 IST" skipped="0">
  <testcase classname="test.day3" name="MobileLogout" time="0.003"/>
  <system-out/>
  <testcase classname="test.day3" name="APILogin" time="0.006"/>
  <system-out/>
  <testcase classname="test.day3" name="MobileLogin" time="0.003"/>
  <system-out/>
  <testcase classname="test.day3" name="MobileLogout" time="0.004"/>
  <system-out/>
  <testcase classname="test.day3" name="MobileSignin" time="0.003"/>
  <system-out/>
  <testcase classname="test.day3" name="WebLogin" time="0.011"/>
  <system-out/>
  <testcase classname="test.day3" name="MobileLogout" time="0.005"/>
  <system-out/>
</testsuite> <!-- test.day3 -->
