<?xml version="1.0" encoding="UTF-8"?>
<!-- Generated by org.testng.reporters.JUnitReportReporter -->
<testsuite hostname="Ramakrishna-PC" failures="0" tests="3" name="test.day4" time="0.007" errors="0" timestamp="2024-09-13T12:21:35 IST" skipped="0">
  <testcase classname="test.day4" name="MobileLogin" time="0.001"/>
  <system-out/>
  <testcase classname="test.day4" name="WebLogin" time="0.004"/>
  <system-out/>
  <testcase classname="test.day4" name="LoginApi" time="0.002"/>
  <system-out/>
</testsuite> <!-- test.day4 -->
