<?xml version="1.0" encoding="UTF-8"?>
<!-- Generated by org.testng.reporters.JUnitReportReporter -->
<testsuite hostname="Ramakrishna-PC" failures="0" tests="1" name="Java.PS1" time="0.013" errors="0" timestamp="2024-09-13T13:03:55 IST" skipped="0">
  <testcase classname="Java.PS1" name="testRun" time="0.013"/>
  <system-out/>
</testsuite> <!-- Java.PS1 -->
