<?xml version="1.0" encoding="UTF-8"?>
<!-- Generated by org.testng.reporters.JUnitReportReporter -->
<testsuite hostname="Ramakrishna-PC" failures="0" tests="2" name="test.day1" time="0.014" errors="0" timestamp="2024-09-13T12:21:35 IST" skipped="0">
  <testcase classname="test.day1" name="Demo2" time="0.002"/>
  <system-out/>
  <testcase classname="test.day1" name="Demo" time="0.012"/>
  <system-out/>
</testsuite> <!-- test.day1 -->
